0 info it worked if it ends with ok
1 verbose cli [ '/usr/bin/node',
1 verbose cli   '/usr/lib/node_modules/npm/bin/npm-cli.js',
1 verbose cli   'start' ]
2 info using npm@2.15.1
3 info using node@v0.10.48
4 verbose node symlink /usr/bin/node
5 verbose run-script [ 'prestart', 'start', 'poststart' ]
6 info prestart application-name@0.0.1
7 info start application-name@0.0.1
8 verbose unsafe-perm in lifecycle true
9 info application-name@0.0.1 Failed to exec start script
10 verbose stack Error: application-name@0.0.1 start: `node app.js`
10 verbose stack Exit status 8
10 verbose stack     at EventEmitter.<anonymous> (/usr/lib/node_modules/npm/lib/utils/lifecycle.js:217:16)
10 verbose stack     at EventEmitter.emit (events.js:98:17)
10 verbose stack     at ChildProcess.<anonymous> (/usr/lib/node_modules/npm/lib/utils/spawn.js:24:14)
10 verbose stack     at ChildProcess.emit (events.js:98:17)
10 verbose stack     at maybeClose (child_process.js:766:16)
10 verbose stack     at Process.ChildProcess._handle.onexit (child_process.js:833:5)
11 verbose pkgid application-name@0.0.1
12 verbose cwd /home/shiruya/WebstormProjects/NiaNiaVsNodeProject/NiaNiaVsNodeProject
13 error Linux 3.16.0-4-amd64
14 error argv "/usr/bin/node" "/usr/lib/node_modules/npm/bin/npm-cli.js" "start"
15 error node v0.10.48
16 error npm  v2.15.1
17 error code ELIFECYCLE
18 error application-name@0.0.1 start: `node app.js`
18 error Exit status 8
19 error Failed at the application-name@0.0.1 start script 'node app.js'.
19 error This is most likely a problem with the application-name package,
19 error not with npm itself.
19 error Tell the author that this fails on your system:
19 error     node app.js
19 error You can get information on how to open an issue for this project with:
19 error     npm bugs application-name
19 error Or if that isn't available, you can get their info via:
19 error
19 error     npm owner ls application-name
19 error There is likely additional logging output above.
20 verbose exit [ 1, true ]
